<?xml version="1.0" encoding="UTF-8"?>
<!-- Generated by org.testng.reporters.JUnitReportReporter -->
<testsuite hostname="MININT-DO934QU" failures="0" tests="1" name="test.Signup" time="14.385" errors="0" timestamp="11 May 2020 07:04:54 GMT">
  <testcase classname="test.Signup" name="googleSignup" time="14.385"/>
</testsuite> <!-- test.Signup -->
