<?xml version="1.0" encoding="UTF-8"?>
<!-- Generated by org.testng.reporters.JUnitReportReporter -->
<testsuite hostname="MININT-DO934QU" failures="0" tests="2" name="test.Search" time="17.149" errors="0" timestamp="11 May 2020 06:54:05 GMT">
  <testcase classname="test.Search" name="searchGoogle" time="8.427"/>
  <testcase classname="test.Search" name="searchGoogle" time="8.722"/>
</testsuite> <!-- test.Search -->
